<?xml version="1.0" encoding="UTF-8"?>
<coverage generated="1433230579">
  <project timestamp="1433230579">
    <file name="/var/www/Uebungsaufgaben/src/Person.php">
      <class name="Person" namespace="global">
        <metrics methods="0" coveredmethods="0" conditionals="0" coveredconditionals="0" statements="0" coveredstatements="0" elements="0" coveredelements="0"/>
      </class>
      <metrics loc="13" ncloc="7" classes="1" methods="0" coveredmethods="0" conditionals="0" coveredconditionals="0" statements="0" coveredstatements="0" elements="0" coveredelements="0"/>
    </file>
    <metrics files="1" loc="13" ncloc="7" classes="1" methods="0" coveredmethods="0" conditionals="0" coveredconditionals="0" statements="0" coveredstatements="0" elements="0" coveredelements="0"/>
  </project>
</coverage>
